2021-06-05 09:14:54.329 - INFO - 5581 - azureml.train.automl._experiment_drivers.driver_utilities.modify_run_configuration:199 - Package azureml-train-automl missing from dependencies file.
2021-06-05 09:14:54.330 - INFO - 5581 - azureml.train.automl._experiment_drivers.driver_utilities.modify_run_configuration:205 - Using pinned version: azureml-train-automl==1.28.0.*
2021-06-05 09:14:54.330 - INFO - 5581 - azureml.train.automl._experiment_drivers.driver_utilities.modify_run_configuration:199 - Package pandas missing from dependencies file.
2021-06-05 09:14:54.330 - INFO - 5581 - azureml.train.automl._experiment_drivers.driver_utilities.modify_run_configuration:205 - Using pinned version: pandas==0.25.1
2021-06-05 09:14:54.331 - INFO - 5581 - azureml.train.automl._experiment_drivers.driver_utilities.modify_run_configuration:199 - Package psutil missing from dependencies file.
2021-06-05 09:14:54.331 - INFO - 5581 - azureml.train.automl._experiment_drivers.driver_utilities.modify_run_configuration:205 - Using pinned version: psutil>5.0.0,<6.0.0
2021-06-05 09:14:54.331 - INFO - 5581 - azureml.train.automl._experiment_drivers.driver_utilities.modify_run_configuration:199 - Package scikit-learn missing from dependencies file.
2021-06-05 09:14:54.332 - INFO - 5581 - azureml.train.automl._experiment_drivers.driver_utilities.modify_run_configuration:205 - Using pinned version: scikit-learn==0.22.1
2021-06-05 09:14:54.332 - INFO - 5581 - azureml.train.automl._experiment_drivers.driver_utilities.modify_run_configuration:199 - Package numpy missing from dependencies file.
2021-06-05 09:14:54.332 - INFO - 5581 - azureml.train.automl._experiment_drivers.driver_utilities.modify_run_configuration:205 - Using pinned version: numpy~=1.18.0
2021-06-05 09:14:54.333 - INFO - 5581 - azureml.train.automl._experiment_drivers.driver_utilities.modify_run_configuration:199 - Package py-xgboost missing from dependencies file.
2021-06-05 09:14:54.333 - INFO - 5581 - azureml.train.automl._experiment_drivers.driver_utilities.modify_run_configuration:205 - Using pinned version: py-xgboost<=0.90
2021-06-05 09:14:54.333 - INFO - 5581 - azureml.train.automl._experiment_drivers.driver_utilities.modify_run_configuration:199 - Package inference-schema missing from dependencies file.
2021-06-05 09:14:54.335 - INFO - 5581 - azureml.train.automl._experiment_drivers.driver_utilities.modify_run_configuration:199 - Package fbprophet missing from dependencies file.
2021-06-05 09:14:54.336 - INFO - 5581 - azureml.train.automl._experiment_drivers.driver_utilities.modify_run_configuration:205 - Using pinned version: fbprophet==0.5
2021-06-05 09:14:54.336 - INFO - 5581 - azureml.train.automl._experiment_drivers.driver_utilities.modify_run_configuration:199 - Package setuptools-git missing from dependencies file.
2021-06-05 09:14:54.336 - INFO - 5581 - azureml.train.automl._experiment_drivers.driver_utilities.modify_run_configuration:209 - Using installed version: setuptools-git==1.2
2021-06-05 09:14:54.337 - INFO - 5581 - azureml.automl.core.dataset_utilities._save_datasets_to_json:131 - JSON serialization of input of type <class 'NoneType'> is un-supported.
2021-06-05 09:14:54.337 - INFO - 5581 - azureml.automl.core.dataset_utilities._save_datasets_to_json:131 - JSON serialization of input of type <class 'NoneType'> is un-supported.
2021-06-05 09:14:54.338 - INFO - 5581 - azureml.train.automl._experiment_drivers.driver_utilities.validate_input:124 - Start data validation.
2021-06-05 09:14:55.593 - INFO - 5581 - azureml.train.automl._experiment_drivers.driver_utilities.validate_input:137 - Validation service found the data has no errors.
2021-06-05 09:14:55.593 - INFO - 5581 - azureml.train.automl._experiment_drivers.driver_utilities.create_remote_parent_run:381 - Start creating parent run.
2021-06-05 09:14:55.880 - INFO - 5581 - azureml.train.automl._experiment_drivers.driver_utilities.create_remote_parent_run:401 - [ParentRunID:AutoML_49d2692b-7358-4369-b098-01032198c2bd] Remote run using input X and y.
2021-06-05 09:14:55.954 - INFO - 5581 - azureml.train.automl._experiment_drivers.driver_utilities.start_remote_run:336 - Starting a snapshot run (snapshot_id : None)
2021-06-05 10:22:39.740 - INFO - 5581 - azureml.train.automl._experiment_drivers.driver_utilities.modify_run_configuration:199 - Package azureml-train-automl missing from dependencies file.
2021-06-05 10:22:39.807 - INFO - 5581 - azureml.train.automl._experiment_drivers.driver_utilities.modify_run_configuration:205 - Using pinned version: azureml-train-automl==1.28.0.*
2021-06-05 10:22:39.813 - INFO - 5581 - azureml.train.automl._experiment_drivers.driver_utilities.modify_run_configuration:199 - Package pandas missing from dependencies file.
2021-06-05 10:22:39.818 - INFO - 5581 - azureml.train.automl._experiment_drivers.driver_utilities.modify_run_configuration:205 - Using pinned version: pandas==0.25.1
2021-06-05 10:22:39.823 - INFO - 5581 - azureml.train.automl._experiment_drivers.driver_utilities.modify_run_configuration:199 - Package psutil missing from dependencies file.
2021-06-05 10:22:39.828 - INFO - 5581 - azureml.train.automl._experiment_drivers.driver_utilities.modify_run_configuration:205 - Using pinned version: psutil>5.0.0,<6.0.0
2021-06-05 10:22:39.833 - INFO - 5581 - azureml.train.automl._experiment_drivers.driver_utilities.modify_run_configuration:199 - Package scikit-learn missing from dependencies file.
2021-06-05 10:22:39.839 - INFO - 5581 - azureml.train.automl._experiment_drivers.driver_utilities.modify_run_configuration:205 - Using pinned version: scikit-learn==0.22.1
2021-06-05 10:22:39.844 - INFO - 5581 - azureml.train.automl._experiment_drivers.driver_utilities.modify_run_configuration:199 - Package numpy missing from dependencies file.
2021-06-05 10:22:39.849 - INFO - 5581 - azureml.train.automl._experiment_drivers.driver_utilities.modify_run_configuration:205 - Using pinned version: numpy~=1.18.0
2021-06-05 10:22:39.854 - INFO - 5581 - azureml.train.automl._experiment_drivers.driver_utilities.modify_run_configuration:199 - Package py-xgboost missing from dependencies file.
2021-06-05 10:22:39.866 - INFO - 5581 - azureml.train.automl._experiment_drivers.driver_utilities.modify_run_configuration:205 - Using pinned version: py-xgboost<=0.90
2021-06-05 10:22:39.872 - INFO - 5581 - azureml.train.automl._experiment_drivers.driver_utilities.modify_run_configuration:199 - Package inference-schema missing from dependencies file.
2021-06-05 10:22:39.877 - INFO - 5581 - azureml.train.automl._experiment_drivers.driver_utilities.modify_run_configuration:199 - Package fbprophet missing from dependencies file.
2021-06-05 10:22:39.882 - INFO - 5581 - azureml.train.automl._experiment_drivers.driver_utilities.modify_run_configuration:205 - Using pinned version: fbprophet==0.5
2021-06-05 10:22:39.891 - INFO - 5581 - azureml.train.automl._experiment_drivers.driver_utilities.modify_run_configuration:199 - Package setuptools-git missing from dependencies file.
2021-06-05 10:22:39.896 - INFO - 5581 - azureml.train.automl._experiment_drivers.driver_utilities.modify_run_configuration:209 - Using installed version: setuptools-git==1.2
2021-06-05 10:22:39.903 - INFO - 5581 - azureml.automl.core.dataset_utilities._save_datasets_to_json:131 - JSON serialization of input of type <class 'NoneType'> is un-supported.
2021-06-05 10:22:39.908 - INFO - 5581 - azureml.automl.core.dataset_utilities._save_datasets_to_json:131 - JSON serialization of input of type <class 'NoneType'> is un-supported.
2021-06-05 10:22:39.914 - INFO - 5581 - azureml.train.automl._experiment_drivers.driver_utilities.validate_input:124 - Start data validation.
2021-06-05 10:22:43.223 - INFO - 5581 - azureml.train.automl._experiment_drivers.driver_utilities.validate_input:137 - Validation service found the data has no errors.
2021-06-05 10:22:43.230 - INFO - 5581 - azureml.train.automl._experiment_drivers.driver_utilities.create_remote_parent_run:381 - Start creating parent run.
2021-06-05 10:22:43.493 - INFO - 5581 - azureml.train.automl._experiment_drivers.driver_utilities.create_remote_parent_run:401 - [ParentRunID:AutoML_ac68ba94-3cd9-4563-a2e9-d0af42f0b6dd] Remote run using input X and y.
2021-06-05 10:22:43.580 - INFO - 5581 - azureml.train.automl._experiment_drivers.driver_utilities.start_remote_run:336 - Starting a snapshot run (snapshot_id : None)
